#
# A fatal error has been detected by the Java Runtime Environment:
#
#  SIGSEGV (0xb) at pc=0x00007fa2dd0693fa, pid=15969, tid=140335837603584
#
# JRE version: Java(TM) SE Runtime Environment (8.0_25-b17) (build 1.8.0_25-b17)
# Java VM: Java HotSpot(TM) 64-Bit Server VM (25.25-b02 mixed mode linux-amd64 compressed oops)
# Problematic frame:
# v  ~BufferBlob::jni_fast_GetLongField
#
# Failed to write core dump. Core dumps have been disabled. To enable core dumping, try "ulimit -c unlimited" before starting Java again
#
# If you would like to submit a bug report, please visit:
#   http://bugreport.sun.com/bugreport/crash.jsp
# The crash happened outside the Java Virtual Machine in native code.
# See problematic frame for where to report the bug.
#

---------------  T H R E A D  ---------------

Current thread (0x00007fa27c0b5800):  JavaThread "AWT-XAWT" daemon [_thread_in_native, id=15996, stack(0x00007fa27b9fe000,0x00007fa27bbff000)]

siginfo: si_signo: 11 (SIGSEGV), si_code: 1 (SEGV_MAPERR), si_addr: 0x0000000000000000

Registers:
RAX=0x00007fa2fb0d5340, RBX=0x00007fa27c0b59e8, RCX=0x00007fa2fbb2f320, RDX=0x0000000000000042
RSP=0x00007fa27bbfd758, RBP=0x00007fa27bbfd780, RSI=0x0000000000000000, RDI=0x00007fa27c0b59e8
R8 =0x0000000000000320, R9 =0x0000000000000000, R10=0x000000000000005a, R11=0x00007fa2fab2f960
R12=0x00007fa2640ad6a0, R13=0x0000000000000000, R14=0x00007fa2b92e57c0, R15=0x00007fa27c0b5800
RIP=0x00007fa2dd0693fa, EFLAGS=0x0000000000010246, CSGSFS=0x0000000000000033, ERR=0x0000000000000004
  TRAPNO=0x000000000000000e

Top of Stack: (sp=0x00007fa27bbfd758)
0x00007fa27bbfd758:   00007fa2b90c40a1 00007fa2dce46578
0x00007fa27bbfd768:   00007fa2640ad6a0 00007fa2dce46578
0x00007fa27bbfd778:   00007fa27bbfd868 0000000000000000
0x00007fa27bbfd788:   00007fa2f997bae8 00007fa2dce46578
0x00007fa27bbfd798:   00007fa27bbfd7c0 0000000000000000
0x00007fa27bbfd7a8:   00007fa2f99739a3 00007fa2dce46578
0x00007fa27bbfd7b8:   00007fa2b90bd39f 00007fa27bbfd830
0x00007fa27bbfd7c8:   00007fa2dd0156d4 00007fa27bbfd8b0
0x00007fa27bbfd7d8:   00007fa2dd88cbc4 00007fa27bbfd8b0
0x00007fa27bbfd7e8:   00007fa2dd2c5ea4 00007fa27bbfd7f0
0x00007fa27bbfd7f8:   0000000000000000 00007fa27bbfd868
0x00007fa27bbfd808:   00007fa2dce4ac08 0000000000000000
0x00007fa27bbfd818:   00007fa2dce46578 0000000000000000
0x00007fa27bbfd828:   00007fa27bbfd850 00007fa27bbfd8b0
0x00007fa27bbfd838:   00007fa2dd007160 00000000d013ea70
0x00007fa27bbfd848:   00007fa2dd00f2a0 0000000000000000
0x00007fa27bbfd858:   00007fa27bbfd8b0 00007fa26c000e30
0x00007fa27bbfd868:   00000000d0243ee0 00007fa27bbfd870
0x00007fa27bbfd878:   00007fa2dcf6b73c 00007fa27bbfd8f8
0x00007fa27bbfd888:   00007fa27be30510 0000000000000000
0x00007fa27bbfd898:   00007fa27be3b510 00007fa27bbfd850
0x00007fa27bbfd8a8:   00007fa27bbfd8f0 00007fa27bbfd940
0x00007fa27bbfd8b8:   00007fa2dd00798d 0000000000000000
0x00007fa27bbfd8c8:   00000000d0652518 0000000000000000
0x00007fa27bbfd8d8:   0000000000000000 0000000000000000
0x00007fa27bbfd8e8:   00000000d0243ee0 0000000000000000
0x00007fa27bbfd8f8:   00000000d062f698 00007fa27bbfd900
0x00007fa27bbfd908:   00007fa27be3b4ad 00007fa27bbfd950
0x00007fa27bbfd918:   00007fa27be30510 0000000000000000
0x00007fa27bbfd928:   00007fa27be3b4b8 00007fa27bbfd8f0
0x00007fa27bbfd938:   00007fa27bbfd950 00007fa27bbfd998
0x00007fa27bbfd948:   00007fa2dd0079d2 00000000d062f698 

Instructions: (pc=0x00007fa2dd0693fa)
0x00007fa2dd0693da:   00 00 00 00 00 00 44 8b 15 01 34 0a 1e 4c 8b ce
0x00007fa2dd0693ea:   41 f6 c2 01 0f 85 2e 00 00 00 4d 33 ca 4d 33 ca
0x00007fa2dd0693fa:   4d 8b 09 4c 8b da 49 c1 eb 02 4b 8b 04 19 49 bb
0x00007fa2dd06940a:   e8 c7 10 fb a2 7f 00 00 4c 33 d8 4c 33 d8 45 3b 

Register to memory mapping:

RAX=0x00007fa2fb0d5340: <offset 0xf23340> in /usr/lib/jvm/java-8-oracle/jre/lib/amd64/server/libjvm.so at 0x00007fa2fa1b2000
RBX=0x00007fa27c0b59e8 is an unknown value
RCX=0x00007fa2fbb2f320: <offset 0x219320> in /lib/x86_64-linux-gnu/libpthread.so.0 at 0x00007fa2fb916000
RDX=0x0000000000000042 is an unknown value
RSP=0x00007fa27bbfd758 is pointing into the stack for thread: 0x00007fa27c0b5800
RBP=0x00007fa27bbfd780 is pointing into the stack for thread: 0x00007fa27c0b5800
RSI=0x0000000000000000 is an unknown value
RDI=0x00007fa27c0b59e8 is an unknown value
R8 =0x0000000000000320 is an unknown value
R9 =0x0000000000000000 is an unknown value
R10=0x000000000000005a is an unknown value
R11=0x00007fa2fab2f960: <offset 0x97d960> in /usr/lib/jvm/java-8-oracle/jre/lib/amd64/server/libjvm.so at 0x00007fa2fa1b2000
R12=0x00007fa2640ad6a0 is an unknown value
R13=0x0000000000000000 is an unknown value
R14=0x00007fa2b92e57c0: <offset 0x2587c0> in /usr/lib/jvm/java-8-oracle/jre/lib/amd64/libawt_xawt.so at 0x00007fa2b908d000
R15=0x00007fa27c0b5800 is a thread


Stack: [0x00007fa27b9fe000,0x00007fa27bbff000],  sp=0x00007fa27bbfd758,  free space=2045k
Native frames: (J=compiled Java code, j=interpreted, Vv=VM code, C=native code)
v  ~BufferBlob::jni_fast_GetLongField
C  [libX11.so.6+0x61ae8]  _XimServerDestroy+0x58

Java frames: (J=compiled Java code, j=interpreted, Vv=VM code)
j  sun.awt.X11.XlibWrapper.XFilterEvent(JJ)Z+0
j  sun.awt.X11.XToolkit.run(Z)V+300
j  sun.awt.X11.XToolkit.run()V+5
j  java.lang.Thread.run()V+11
v  ~StubRoutines::call_stub

---------------  P R O C E S S  ---------------

Java Threads: ( => current thread )
  0x00007fa280006000 JavaThread "Thread-0" [_thread_blocked, id=16037, stack(0x00007fa27a579000,0x00007fa27a77a000)]
  0x00007fa2a4003800 JavaThread "SIGTERM handler" daemon [_thread_blocked, id=16033, stack(0x00007fa2b8674000,0x00007fa2b8875000)]
  0x00007fa280001000 JavaThread "Logging Flush" daemon [_thread_blocked, id=15999, stack(0x00007fa27ab7c000,0x00007fa27ad7d000)]
  0x00007fa27c0ce800 JavaThread "AWT-EventQueue-0" [_thread_blocked, id=15998, stack(0x00007fa27b5fc000,0x00007fa27b7fd000)]
  0x00007fa27c0cd800 JavaThread "AWT-Shutdown" [_thread_blocked, id=15997, stack(0x00007fa27b7fd000,0x00007fa27b9fe000)]
=>0x00007fa27c0b5800 JavaThread "AWT-XAWT" daemon [_thread_in_native, id=15996, stack(0x00007fa27b9fe000,0x00007fa27bbff000)]
  0x00007fa27c0a0000 JavaThread "Java2D Disposer" daemon [_thread_blocked, id=15995, stack(0x00007fa27bbff000,0x00007fa27be00000)]
  0x00007fa2ec61d800 JavaThread "main" [_thread_blocked, id=15993, stack(0x00007fa2b8875000,0x00007fa2b8a76000)]
  0x00007fa2ec614000 JavaThread "OpenIDE-request-processor-1" daemon [_thread_blocked, id=15992, stack(0x00007fa2b8a76000,0x00007fa2b8c77000)]
  0x00007fa2ec607800 JavaThread "CLI Requests Server" daemon [_thread_in_native, id=15991, stack(0x00007fa2b95b8000,0x00007fa2b97b9000)]
  0x00007fa2ec5e3000 JavaThread "Active Reference Queue Daemon" daemon [_thread_blocked, id=15990, stack(0x00007fa2b97b9000,0x00007fa2b99ba000)]
  0x00007fa2ec338000 JavaThread "Service Thread" daemon [_thread_blocked, id=15988, stack(0x00007fa2b9ee3000,0x00007fa2ba0e4000)]
  0x00007fa2ec320800 JavaThread "C1 CompilerThread3" daemon [_thread_blocked, id=15987, stack(0x00007fa2ba0e4000,0x00007fa2ba1e5000)]
  0x00007fa2ec31e000 JavaThread "C2 CompilerThread2" daemon [_thread_blocked, id=15986, stack(0x00007fa2ba1e5000,0x00007fa2ba2e6000)]
  0x00007fa2ec31c800 JavaThread "C2 CompilerThread1" daemon [_thread_blocked, id=15985, stack(0x00007fa2ba2e6000,0x00007fa2ba3e7000)]
  0x00007fa2ec319800 JavaThread "C2 CompilerThread0" daemon [_thread_blocked, id=15984, stack(0x00007fa2ba3e7000,0x00007fa2ba4e8000)]
  0x00007fa2ec317800 JavaThread "Signal Dispatcher" daemon [_thread_blocked, id=15983, stack(0x00007fa2ba4e8000,0x00007fa2ba6e9000)]
  0x00007fa2ec2eb000 JavaThread "Finalizer" daemon [_thread_blocked, id=15982, stack(0x00007fa2ba6e9000,0x00007fa2ba8ea000)]
  0x00007fa2ec2e9000 JavaThread "Reference Handler" daemon [_thread_blocked, id=15981, stack(0x00007fa2ba8ea000,0x00007fa2baaeb000)]
  0x00007fa2ec00c000 JavaThread "main" [_thread_blocked, id=15971, stack(0x00007fa2f3dff000,0x00007fa2f4000000)]

Other Threads:
  0x00007fa2ec2e2000 VMThread [stack: 0x00007fa2baaeb000,0x00007fa2babec000] [id=15980]
  0x00007fa2ec33a000 WatcherThread [stack: 0x00007fa2b9de2000,0x00007fa2b9ee3000] [id=15989]

VM state:not at safepoint (normal execution)

VM Mutex/Monitor currently owned by a thread: None

Heap:
 PSYoungGen      total 116736K, used 6022K [0x00000000f0000000, 0x00000000f7880000, 0x0000000100000000)
  eden space 110080K, 1% used [0x00000000f0000000,0x00000000f0182da0,0x00000000f6b80000)
  from space 6656K, 67% used [0x00000000f7200000,0x00000000f765eb00,0x00000000f7880000)
  to   space 6656K, 0% used [0x00000000f6b80000,0x00000000f6b80000,0x00000000f7200000)
 ParOldGen       total 22016K, used 13420K [0x00000000d0000000, 0x00000000d1580000, 0x00000000f0000000)
  object space 22016K, 60% used [0x00000000d0000000,0x00000000d0d1b358,0x00000000d1580000)
 Metaspace       used 17391K, capacity 18166K, committed 18176K, reserved 1064960K
  class space    used 1866K, capacity 2048K, committed 2048K, reserved 1048576K

Card table byte_map: [0x00007fa2f805a000,0x00007fa2f81db000] byte_map_base: 0x00007fa2f79da000

Marking Bits: (ParMarkBitMap*) 0x00007fa2fb10c2c0
 Begin Bits: [0x00007fa2f0283000, 0x00007fa2f0e83000)
 End Bits:   [0x00007fa2f0e83000, 0x00007fa2f1a83000)

Polling page: 0x00007fa2fbd4b000

CodeCache: size=245760Kb used=8974Kb max_used=8976Kb free=236785Kb
 bounds [0x00007fa2dd000000, 0x00007fa2dd8d0000, 0x00007fa2ec000000]
 total_blobs=2917 nmethods=2369 adapters=462
 compilation: enabled

Compilation events (10 events):
Event: 208,147 Thread 0x00007fa2ec320800 2376   !   3       sun.awt.X11.XKeyboardFocusManagerPeer::getCurrentFocusOwner (16 bytes)
Event: 208,147 Thread 0x00007fa2ec320800 nmethod 2376 0x00007fa2dd8c9490 code [0x00007fa2dd8c9600, 0x00007fa2dd8c98d0]
Event: 209,817 Thread 0x00007fa2ec320800 2377       3       sun.awt.X11.XBaseWindow::awtLock (4 bytes)
Event: 209,817 Thread 0x00007fa2ec320800 nmethod 2377 0x00007fa2dd8c8e10 code [0x00007fa2dd8c8fa0, 0x00007fa2dd8c9308]
Event: 209,817 Thread 0x00007fa2ec320800 2379   !   3       sun.awt.AppContext::get (123 bytes)
Event: 209,818 Thread 0x00007fa2ec320800 nmethod 2379 0x00007fa2dd8c7f50 code [0x00007fa2dd8c8100, 0x00007fa2dd8c89c8]
Event: 209,818 Thread 0x00007fa2ec320800 2378       3       sun.awt.X11.XBaseWindow::awtUnlock (4 bytes)
Event: 209,818 Thread 0x00007fa2ec320800 nmethod 2378 0x00007fa2dd8c78d0 code [0x00007fa2dd8c7a60, 0x00007fa2dd8c7dc8]
Event: 209,821 Thread 0x00007fa2ec320800 2380       3       sun.java2d.xr.DirtyRegion::setDirtyLineRegion (60 bytes)
Event: 209,821 Thread 0x00007fa2ec320800 nmethod 2380 0x00007fa2dd8c74d0 code [0x00007fa2dd8c7640, 0x00007fa2dd8c7850]

GC Heap History (10 events):
Event: 0,970 GC heap before
{Heap before GC invocations=6 (full 0):
 PSYoungGen      total 18432K, used 18432K [0x00000000f0000000, 0x00000000f2800000, 0x0000000100000000)
  eden space 17408K, 100% used [0x00000000f0000000,0x00000000f1100000,0x00000000f1100000)
  from space 1024K, 100% used [0x00000000f1100000,0x00000000f1200000,0x00000000f1200000)
  to   space 3072K, 0% used [0x00000000f2500000,0x00000000f2500000,0x00000000f2800000)
 ParOldGen       total 22016K, used 6323K [0x00000000d0000000, 0x00000000d1580000, 0x00000000f0000000)
  object space 22016K, 28% used [0x00000000d0000000,0x00000000d062cdc0,0x00000000d1580000)
 Metaspace       used 15597K, capacity 15722K, committed 15872K, reserved 1062912K
  class space    used 1671K, capacity 1725K, committed 1792K, reserved 1048576K
Event: 0,981 GC heap after
Heap after GC invocations=6 (full 0):
 PSYoungGen      total 37888K, used 2144K [0x00000000f0000000, 0x00000000f2800000, 0x0000000100000000)
  eden space 34816K, 0% used [0x00000000f0000000,0x00000000f0000000,0x00000000f2200000)
  from space 3072K, 69% used [0x00000000f2500000,0x00000000f2718000,0x00000000f2800000)
  to   space 3072K, 0% used [0x00000000f2200000,0x00000000f2200000,0x00000000f2500000)
 ParOldGen       total 22016K, used 6323K [0x00000000d0000000, 0x00000000d1580000, 0x00000000f0000000)
  object space 22016K, 28% used [0x00000000d0000000,0x00000000d062cdc0,0x00000000d1580000)
 Metaspace       used 15597K, capacity 15722K, committed 15872K, reserved 1062912K
  class space    used 1671K, capacity 1725K, committed 1792K, reserved 1048576K
}
Event: 1,149 GC heap before
{Heap before GC invocations=7 (full 0):
 PSYoungGen      total 37888K, used 36960K [0x00000000f0000000, 0x00000000f2800000, 0x0000000100000000)
  eden space 34816K, 100% used [0x00000000f0000000,0x00000000f2200000,0x00000000f2200000)
  from space 3072K, 69% used [0x00000000f2500000,0x00000000f2718000,0x00000000f2800000)
  to   space 3072K, 0% used [0x00000000f2200000,0x00000000f2200000,0x00000000f2500000)
 ParOldGen       total 22016K, used 6323K [0x00000000d0000000, 0x00000000d1580000, 0x00000000f0000000)
  object space 22016K, 28% used [0x00000000d0000000,0x00000000d062cdc0,0x00000000d1580000)
 Metaspace       used 15791K, capacity 15978K, committed 16128K, reserved 1062912K
  class space    used 1676K, capacity 1725K, committed 1792K, reserved 1048576K
Event: 1,155 GC heap after
Heap after GC invocations=7 (full 0):
 PSYoungGen      total 37888K, used 3072K [0x00000000f0000000, 0x00000000f4c00000, 0x0000000100000000)
  eden space 34816K, 0% used [0x00000000f0000000,0x00000000f0000000,0x00000000f2200000)
  from space 3072K, 100% used [0x00000000f2200000,0x00000000f2500000,0x00000000f2500000)
  to   space 4096K, 0% used [0x00000000f4800000,0x00000000f4800000,0x00000000f4c00000)
 ParOldGen       total 22016K, used 7277K [0x00000000d0000000, 0x00000000d1580000, 0x00000000f0000000)
  object space 22016K, 33% used [0x00000000d0000000,0x00000000d071b508,0x00000000d1580000)
 Metaspace       used 15791K, capacity 15978K, committed 16128K, reserved 1062912K
  class space    used 1676K, capacity 1725K, committed 1792K, reserved 1048576K
}
Event: 1,286 GC heap before
{Heap before GC invocations=8 (full 0):
 PSYoungGen      total 37888K, used 37888K [0x00000000f0000000, 0x00000000f4c00000, 0x0000000100000000)
  eden space 34816K, 100% used [0x00000000f0000000,0x00000000f2200000,0x00000000f2200000)
  from space 3072K, 100% used [0x00000000f2200000,0x00000000f2500000,0x00000000f2500000)
  to   space 4096K, 0% used [0x00000000f4800000,0x00000000f4800000,0x00000000f4c00000)
 ParOldGen       total 22016K, used 7277K [0x00000000d0000000, 0x00000000d1580000, 0x00000000f0000000)
  object space 22016K, 33% used [0x00000000d0000000,0x00000000d071b508,0x00000000d1580000)
 Metaspace       used 15864K, capacity 16042K, committed 16384K, reserved 1064960K
  class space    used 1676K, capacity 1725K, committed 1792K, reserved 1048576K
Event: 1,296 GC heap after
Heap after GC invocations=8 (full 0):
 PSYoungGen      total 72704K, used 4096K [0x00000000f0000000, 0x00000000f4e00000, 0x0000000100000000)
  eden space 68608K, 0% used [0x00000000f0000000,0x00000000f0000000,0x00000000f4300000)
  from space 4096K, 100% used [0x00000000f4800000,0x00000000f4c00000,0x00000000f4c00000)
  to   space 5120K, 0% used [0x00000000f4300000,0x00000000f4300000,0x00000000f4800000)
 ParOldGen       total 22016K, used 8504K [0x00000000d0000000, 0x00000000d1580000, 0x00000000f0000000)
  object space 22016K, 38% used [0x00000000d0000000,0x00000000d084e380,0x00000000d1580000)
 Metaspace       used 15864K, capacity 16042K, committed 16384K, reserved 1064960K
  class space    used 1676K, capacity 1725K, committed 1792K, reserved 1048576K
}
Event: 1,729 GC heap before
{Heap before GC invocations=9 (full 0):
 PSYoungGen      total 72704K, used 72704K [0x00000000f0000000, 0x00000000f4e00000, 0x0000000100000000)
  eden space 68608K, 100% used [0x00000000f0000000,0x00000000f4300000,0x00000000f4300000)
  from space 4096K, 100% used [0x00000000f4800000,0x00000000f4c00000,0x00000000f4c00000)
  to   space 5120K, 0% used [0x00000000f4300000,0x00000000f4300000,0x00000000f4800000)
 ParOldGen       total 22016K, used 8504K [0x00000000d0000000, 0x00000000d1580000, 0x00000000f0000000)
  object space 22016K, 38% used [0x00000000d0000000,0x00000000d084e380,0x00000000d1580000)
 Metaspace       used 16485K, capacity 16934K, committed 17024K, reserved 1064960K
  class space    used 1740K, capacity 1885K, committed 1920K, reserved 1048576K
Event: 1,738 GC heap after
Heap after GC invocations=9 (full 0):
 PSYoungGen      total 73728K, used 5098K [0x00000000f0000000, 0x00000000f7880000, 0x0000000100000000)
  eden space 68608K, 0% used [0x00000000f0000000,0x00000000f0000000,0x00000000f4300000)
  from space 5120K, 99% used [0x00000000f4300000,0x00000000f47fab00,0x00000000f4800000)
  to   space 6656K, 0% used [0x00000000f7200000,0x00000000f7200000,0x00000000f7880000)
 ParOldGen       total 22016K, used 10355K [0x00000000d0000000, 0x00000000d1580000, 0x00000000f0000000)
  object space 22016K, 47% used [0x00000000d0000000,0x00000000d0a1cf80,0x00000000d1580000)
 Metaspace       used 16485K, capacity 16934K, committed 17024K, reserved 1064960K
  class space    used 1740K, capacity 1885K, committed 1920K, reserved 1048576K
}
Event: 49,765 GC heap before
{Heap before GC invocations=10 (full 0):
 PSYoungGen      total 73728K, used 73706K [0x00000000f0000000, 0x00000000f7880000, 0x0000000100000000)
  eden space 68608K, 100% used [0x00000000f0000000,0x00000000f4300000,0x00000000f4300000)
  from space 5120K, 99% used [0x00000000f4300000,0x00000000f47fab00,0x00000000f4800000)
  to   space 6656K, 0% used [0x00000000f7200000,0x00000000f7200000,0x00000000f7880000)
 ParOldGen       total 22016K, used 10355K [0x00000000d0000000, 0x00000000d1580000, 0x00000000f0000000)
  object space 22016K, 47% used [0x00000000d0000000,0x00000000d0a1cf80,0x00000000d1580000)
 Metaspace       used 17351K, capacity 18160K, committed 18176K, reserved 1064960K
  class space    used 1864K, capacity 2047K, committed 2048K, reserved 1048576K
Event: 49,778 GC heap after
Heap after GC invocations=10 (full 0):
 PSYoungGen      total 116736K, used 4474K [0x00000000f0000000, 0x00000000f7880000, 0x0000000100000000)
  eden space 110080K, 0% used [0x00000000f0000000,0x00000000f0000000,0x00000000f6b80000)
  from space 6656K, 67% used [0x00000000f7200000,0x00000000f765eb00,0x00000000f7880000)
  to   space 6656K, 0% used [0x00000000f6b80000,0x00000000f6b80000,0x00000000f7200000)
 ParOldGen       total 22016K, used 13420K [0x00000000d0000000, 0x00000000d1580000, 0x00000000f0000000)
  object space 22016K, 60% used [0x00000000d0000000,0x00000000d0d1b358,0x00000000d1580000)
 Metaspace       used 17351K, capacity 18160K, committed 18176K, reserved 1064960K
  class space    used 1864K, capacity 2047K, committed 2048K, reserved 1048576K
}

Deoptimization events (10 events):
Event: 1,857 Thread 0x00007fa2ec61d800 Uncommon trap: reason=class_check action=maybe_recompile pc=0x00007fa2dd6c0e28 method=java.util.regex.Pattern$Curly.match0(Ljava/util/regex/Matcher;IILjava/lang/CharSequence;)Z @ 170
Event: 2,026 Thread 0x00007fa2ec61d800 Uncommon trap: reason=class_check action=maybe_recompile pc=0x00007fa2dd53c634 method=org.openide.filesystems.MultiFileSystem.writableLayer(Ljava/lang/String;)Lorg/openide/filesystems/FileSystem; @ 36
Event: 2,026 Thread 0x00007fa2ec61d800 Uncommon trap: reason=class_check action=maybe_recompile pc=0x00007fa2dd53c634 method=org.openide.filesystems.MultiFileSystem.writableLayer(Ljava/lang/String;)Lorg/openide/filesystems/FileSystem; @ 36
Event: 2,027 Thread 0x00007fa2ec61d800 Uncommon trap: reason=class_check action=maybe_recompile pc=0x00007fa2dd53c634 method=org.openide.filesystems.MultiFileSystem.writableLayer(Ljava/lang/String;)Lorg/openide/filesystems/FileSystem; @ 36
Event: 2,027 Thread 0x00007fa2ec61d800 Uncommon trap: reason=class_check action=maybe_recompile pc=0x00007fa2dd53c634 method=org.openide.filesystems.MultiFileSystem.writableLayer(Ljava/lang/String;)Lorg/openide/filesystems/FileSystem; @ 36
Event: 2,027 Thread 0x00007fa2ec61d800 Uncommon trap: reason=class_check action=maybe_recompile pc=0x00007fa2dd64ede8 method=org.openide.filesystems.MultiFileSystem.writableLayer(Ljava/lang/String;)Lorg/openide/filesystems/FileSystem; @ 36
Event: 2,029 Thread 0x00007fa2ec61d800 Uncommon trap: reason=unloaded action=reinterpret pc=0x00007fa2dd5eefbc method=java.util.regex.Pattern.newSlice([IIZ)Ljava/util/regex/Pattern$Node; @ 121
Event: 2,030 Thread 0x00007fa2ec61d800 Uncommon trap: reason=unloaded action=reinterpret pc=0x00007fa2dd5f8144 method=java.util.regex.Pattern.newSlice([IIZ)Ljava/util/regex/Pattern$Node; @ 121
Event: 49,763 Thread 0x00007fa2ec317800 Uncommon trap: reason=class_check action=maybe_recompile pc=0x00007fa2dd79c770 method=java.util.Hashtable.get(Ljava/lang/Object;)Ljava/lang/Object; @ 45
Event: 49,763 Thread 0x00007fa2ec317800 Uncommon trap: reason=class_check action=maybe_recompile pc=0x00007fa2dd79c770 method=java.util.Hashtable.get(Ljava/lang/Object;)Ljava/lang/Object; @ 45

Internal exceptions (10 events):
Event: 2,021 Thread 0x00007fa2ec61d800 Exception <a 'java/security/PrivilegedActionException'> (0x00000000f402d2d8) thrown at [/HUDSON/workspace/8-2-build-linux-amd64/jdk8u25/1514/hotspot/src/share/vm/prims/jvm.cpp, line 1312]
Event: 2,021 Thread 0x00007fa2ec61d800 Exception <a 'java/security/PrivilegedActionException'> (0x00000000f40302b8) thrown at [/HUDSON/workspace/8-2-build-linux-amd64/jdk8u25/1514/hotspot/src/share/vm/prims/jvm.cpp, line 1312]
Event: 2,030 Thread 0x00007fa2ec61d800 Exception <a 'java/security/PrivilegedActionException'> (0x00000000f40b72f0) thrown at [/HUDSON/workspace/8-2-build-linux-amd64/jdk8u25/1514/hotspot/src/share/vm/prims/jvm.cpp, line 1312]
Event: 2,030 Thread 0x00007fa2ec61d800 Exception <a 'java/security/PrivilegedActionException'> (0x00000000f40be538) thrown at [/HUDSON/workspace/8-2-build-linux-amd64/jdk8u25/1514/hotspot/src/share/vm/prims/jvm.cpp, line 1312]
Event: 2,032 Thread 0x00007fa2ec61d800 Exception <a 'java/security/PrivilegedActionException'> (0x00000000f40d51f8) thrown at [/HUDSON/workspace/8-2-build-linux-amd64/jdk8u25/1514/hotspot/src/share/vm/prims/jvm.cpp, line 1312]
Event: 2,033 Thread 0x00007fa2ec61d800 Exception <a 'java/security/PrivilegedActionException'> (0x00000000f40dd178) thrown at [/HUDSON/workspace/8-2-build-linux-amd64/jdk8u25/1514/hotspot/src/share/vm/prims/jvm.cpp, line 1312]
Event: 2,033 Thread 0x00007fa2ec61d800 Exception <a 'java/security/PrivilegedActionException'> (0x00000000f40dfa78) thrown at [/HUDSON/workspace/8-2-build-linux-amd64/jdk8u25/1514/hotspot/src/share/vm/prims/jvm.cpp, line 1312]
Event: 2,034 Thread 0x00007fa2ec61d800 Exception <a 'java/security/PrivilegedActionException'> (0x00000000f40e3960) thrown at [/HUDSON/workspace/8-2-build-linux-amd64/jdk8u25/1514/hotspot/src/share/vm/prims/jvm.cpp, line 1312]
Event: 2,261 Thread 0x00007fa280001000 Exception <a 'java/security/PrivilegedActionException'> (0x00000000f41bf708) thrown at [/HUDSON/workspace/8-2-build-linux-amd64/jdk8u25/1514/hotspot/src/share/vm/prims/jvm.cpp, line 1312]
Event: 2,261 Thread 0x00007fa280001000 Exception <a 'java/security/PrivilegedActionException'> (0x00000000f41c1a28) thrown at [/HUDSON/workspace/8-2-build-linux-amd64/jdk8u25/1514/hotspot/src/share/vm/prims/jvm.cpp, line 1312]

Events (10 events):
Event: 49,779 loading class sun/awt/X11/XMSelectionListener done
Event: 49,779 loading class sun/awt/X11/XSystemTrayPeer done
Event: 49,785 Thread 0x00007fa280004800 Thread exited: 0x00007fa280004800
Event: 92,030 Thread 0x00007fa280002800 Thread exited: 0x00007fa280002800
Event: 178,688 Executing VM operation: BulkRevokeBias
Event: 178,689 Executing VM operation: BulkRevokeBias done
Event: 193,871 Executing VM operation: BulkRevokeBias
Event: 193,871 Executing VM operation: BulkRevokeBias done
Event: 199,272 Executing VM operation: BulkRevokeBias
Event: 199,273 Executing VM operation: BulkRevokeBias done


Dynamic libraries:
00400000-00401000 r-xp 00000000 08:02 7313                               /usr/lib/jvm/java-8-oracle/bin/java
00600000-00601000 rw-p 00000000 08:02 7313                               /usr/lib/jvm/java-8-oracle/bin/java
0150e000-01551000 rw-p 00000000 00:00 0                                  [heap]
d0000000-d1580000 rw-p 00000000 00:00 0 
d1580000-f0000000 ---p 00000000 00:00 0 
f0000000-f7880000 rw-p 00000000 00:00 0 
f7880000-100000000 ---p 00000000 00:00 0 
100000000-100200000 rw-p 00000000 00:00 0 
100200000-140000000 ---p 00000000 00:00 0 
7fa25c000000-7fa25c021000 rw-p 00000000 00:00 0 
7fa25c021000-7fa260000000 ---p 00000000 00:00 0 
7fa260000000-7fa260021000 rw-p 00000000 00:00 0 
7fa260021000-7fa264000000 ---p 00000000 00:00 0 
7fa264000000-7fa26429f000 rw-p 00000000 00:00 0 
7fa26429f000-7fa268000000 ---p 00000000 00:00 0 
7fa268000000-7fa268021000 rw-p 00000000 00:00 0 
7fa268021000-7fa26c000000 ---p 00000000 00:00 0 
7fa26c000000-7fa26c029000 rw-p 00000000 00:00 0 
7fa26c029000-7fa270000000 ---p 00000000 00:00 0 
7fa270000000-7fa270021000 rw-p 00000000 00:00 0 
7fa270021000-7fa274000000 ---p 00000000 00:00 0 
7fa274000000-7fa274021000 rw-p 00000000 00:00 0 
7fa274021000-7fa278000000 ---p 00000000 00:00 0 
7fa27a579000-7fa27a57c000 ---p 00000000 00:00 0 
7fa27a57c000-7fa27a77a000 rw-p 00000000 00:00 0                          [stack:16037]
7fa27a77a000-7fa27a77d000 ---p 00000000 00:00 0 
7fa27a77d000-7fa27a97b000 rw-p 00000000 00:00 0 
7fa27a97b000-7fa27a97e000 ---p 00000000 00:00 0 
7fa27a97e000-7fa27ab7c000 rw-p 00000000 00:00 0 
7fa27ab7c000-7fa27ab7f000 ---p 00000000 00:00 0 
7fa27ab7f000-7fa27af3d000 rw-p 00000000 00:00 0                          [stack:15999]
7fa27af3d000-7fa27af7d000 ---p 00000000 00:00 0 
7fa27af7d000-7fa27b17d000 rw-p 00000000 00:00 0 
7fa27b17d000-7fa27b1e6000 r-xp 00000000 08:02 7908                       /usr/lib/jvm/java-8-oracle/jre/lib/amd64/libt2k.so
7fa27b1e6000-7fa27b3e5000 ---p 00069000 08:02 7908                       /usr/lib/jvm/java-8-oracle/jre/lib/amd64/libt2k.so
7fa27b3e5000-7fa27b3ec000 rw-p 00068000 08:02 7908                       /usr/lib/jvm/java-8-oracle/jre/lib/amd64/libt2k.so
7fa27b3ec000-7fa27b5fc000 rw-p 00000000 00:00 0 
7fa27b5fc000-7fa27b5ff000 ---p 00000000 00:00 0 
7fa27b5ff000-7fa27b7fd000 rw-p 00000000 00:00 0                          [stack:15998]
7fa27b7fd000-7fa27b800000 ---p 00000000 00:00 0 
7fa27b800000-7fa27b9fe000 rw-p 00000000 00:00 0                          [stack:15997]
7fa27b9fe000-7fa27ba01000 ---p 00000000 00:00 0 
7fa27ba01000-7fa27bbff000 rw-p 00000000 00:00 0                          [stack:15996]
7fa27bbff000-7fa27bc02000 ---p 00000000 00:00 0 
7fa27bc02000-7fa27c000000 rw-p 00000000 00:00 0                          [stack:15995]
7fa27c000000-7fa27c720000 rw-p 00000000 00:00 0 
7fa27c720000-7fa280000000 ---p 00000000 00:00 0 
7fa280000000-7fa280021000 rw-p 00000000 00:00 0 
7fa280021000-7fa284000000 ---p 00000000 00:00 0 
7fa284000000-7fa284021000 rw-p 00000000 00:00 0 
7fa284021000-7fa288000000 ---p 00000000 00:00 0 
7fa288000000-7fa288021000 rw-p 00000000 00:00 0 
7fa288021000-7fa28c000000 ---p 00000000 00:00 0 
7fa28c000000-7fa28c021000 rw-p 00000000 00:00 0 
7fa28c021000-7fa290000000 ---p 00000000 00:00 0 
7fa290000000-7fa290021000 rw-p 00000000 00:00 0 
7fa290021000-7fa294000000 ---p 00000000 00:00 0 
7fa294000000-7fa294faf000 rw-p 00000000 00:00 0 
7fa294faf000-7fa298000000 ---p 00000000 00:00 0 
7fa298000000-7fa298021000 rw-p 00000000 00:00 0 
7fa298021000-7fa29c000000 ---p 00000000 00:00 0 
7fa29c000000-7fa29d1e1000 rw-p 00000000 00:00 0 
7fa29d1e1000-7fa2a0000000 ---p 00000000 00:00 0 
7fa2a0000000-7fa2a0d07000 rw-p 00000000 00:00 0 
7fa2a0d07000-7fa2a4000000 ---p 00000000 00:00 0 
7fa2a4000000-7fa2a4021000 rw-p 00000000 00:00 0 
7fa2a4021000-7fa2a8000000 ---p 00000000 00:00 0 
7fa2a8000000-7fa2a949d000 rw-p 00000000 00:00 0 
7fa2a949d000-7fa2ac000000 ---p 00000000 00:00 0 
7fa2ac000000-7fa2ac021000 rw-p 00000000 00:00 0 
7fa2ac021000-7fa2b0000000 ---p 00000000 00:00 0 
7fa2b0000000-7fa2b0021000 rw-p 00000000 00:00 0 
7fa2b0021000-7fa2b4000000 ---p 00000000 00:00 0 
7fa2b4000000-7fa2b4051000 rw-p 00000000 00:00 0 
7fa2b4051000-7fa2b8000000 ---p 00000000 00:00 0 
7fa2b815a000-7fa2b81e5000 rw-s 00000000 00:04 15532057                   /SYSV00000000 (deleted)
7fa2b81e5000-7fa2b81fb000 r-xp 00000000 08:02 659365                     /lib/x86_64-linux-gnu/libgcc_s.so.1
7fa2b81fb000-7fa2b83fa000 ---p 00016000 08:02 659365                     /lib/x86_64-linux-gnu/libgcc_s.so.1
7fa2b83fa000-7fa2b83fb000 rw-p 00015000 08:02 659365                     /lib/x86_64-linux-gnu/libgcc_s.so.1
7fa2b83fb000-7fa2b845f000 r-xp 00000000 08:02 7879                       /usr/lib/jvm/java-8-oracle/jre/lib/amd64/libfontmanager.so
7fa2b845f000-7fa2b865f000 ---p 00064000 08:02 7879                       /usr/lib/jvm/java-8-oracle/jre/lib/amd64/libfontmanager.so
7fa2b865f000-7fa2b8663000 rw-p 00064000 08:02 7879                       /usr/lib/jvm/java-8-oracle/jre/lib/amd64/libfontmanager.so
7fa2b8663000-7fa2b8674000 rw-p 00000000 00:00 0 
7fa2b8674000-7fa2b8677000 ---p 00000000 00:00 0 
7fa2b8677000-7fa2b8875000 rw-p 00000000 00:00 0                          [stack:16033]
7fa2b8875000-7fa2b8878000 ---p 00000000 00:00 0 
7fa2b8878000-7fa2b8a76000 rw-p 00000000 00:00 0                          [stack:15993]
7fa2b8a76000-7fa2b8a79000 ---p 00000000 00:00 0 
7fa2b8a79000-7fa2b8c77000 rw-p 00000000 00:00 0                          [stack:15992]
7fa2b8c77000-7fa2b8c86000 r-xp 00000000 08:02 926656                     /usr/lib/x86_64-linux-gnu/libXi.so.6.1.0
7fa2b8c86000-7fa2b8e85000 ---p 0000f000 08:02 926656                     /usr/lib/x86_64-linux-gnu/libXi.so.6.1.0
7fa2b8e85000-7fa2b8e86000 r--p 0000e000 08:02 926656                     /usr/lib/x86_64-linux-gnu/libXi.so.6.1.0
7fa2b8e86000-7fa2b8e87000 rw-p 0000f000 08:02 926656                     /usr/lib/x86_64-linux-gnu/libXi.so.6.1.0
7fa2b8e87000-7fa2b8e8c000 r-xp 00000000 08:02 926674                     /usr/lib/x86_64-linux-gnu/libXtst.so.6.1.0
7fa2b8e8c000-7fa2b908b000 ---p 00005000 08:02 926674                     /usr/lib/x86_64-linux-gnu/libXtst.so.6.1.0
7fa2b908b000-7fa2b908c000 r--p 00004000 08:02 926674                     /usr/lib/x86_64-linux-gnu/libXtst.so.6.1.0
7fa2b908c000-7fa2b908d000 rw-p 00005000 08:02 926674                     /usr/lib/x86_64-linux-gnu/libXtst.so.6.1.0
7fa2b908d000-7fa2b90e1000 r-xp 00000000 08:02 7936                       /usr/lib/jvm/java-8-oracle/jre/lib/amd64/libawt_xawt.so
7fa2b90e1000-7fa2b92e1000 ---p 00054000 08:02 7936                       /usr/lib/jvm/java-8-oracle/jre/lib/amd64/libawt_xawt.so
7fa2b92e1000-7fa2b92e5000 rw-p 00054000 08:02 7936                       /usr/lib/jvm/java-8-oracle/jre/lib/amd64/libawt_xawt.so
7fa2b92e5000-7fa2b92e6000 rw-p 00000000 00:00 0 
7fa2b92e6000-7fa2b9388000 r-xp 00000000 08:02 7911                       /usr/lib/jvm/java-8-oracle/jre/lib/amd64/libawt.so
7fa2b9388000-7fa2b9588000 ---p 000a2000 08:02 7911                       /usr/lib/jvm/java-8-oracle/jre/lib/amd64/libawt.so
7fa2b9588000-7fa2b9594000 rw-p 000a2000 08:02 7911                       /usr/lib/jvm/java-8-oracle/jre/lib/amd64/libawt.so
7fa2b9594000-7fa2b95b8000 rw-p 00000000 00:00 0 
7fa2b95b8000-7fa2b95bb000 ---p 00000000 00:00 0 
7fa2b95bb000-7fa2b97b9000 rw-p 00000000 00:00 0                          [stack:15991]
7fa2b97b9000-7fa2b97bc000 ---p 00000000 00:00 0 
7fa2b97bc000-7fa2b99ba000 rw-p 00000000 00:00 0                          [stack:15990]
7fa2b99ba000-7fa2b99d0000 r-xp 00000000 08:02 7875                       /usr/lib/jvm/java-8-oracle/jre/lib/amd64/libnet.so
7fa2b99d0000-7fa2b9bd0000 ---p 00016000 08:02 7875                       /usr/lib/jvm/java-8-oracle/jre/lib/amd64/libnet.so
7fa2b9bd0000-7fa2b9bd1000 rw-p 00016000 08:02 7875                       /usr/lib/jvm/java-8-oracle/jre/lib/amd64/libnet.so
7fa2b9bd1000-7fa2b9be2000 r-xp 00000000 08:02 7883                       /usr/lib/jvm/java-8-oracle/jre/lib/amd64/libnio.so
7fa2b9be2000-7fa2b9de1000 ---p 00011000 08:02 7883                       /usr/lib/jvm/java-8-oracle/jre/lib/amd64/libnio.so
7fa2b9de1000-7fa2b9de2000 rw-p 00010000 08:02 7883                       /usr/lib/jvm/java-8-oracle/jre/lib/amd64/libnio.so
7fa2b9de2000-7fa2b9de3000 ---p 00000000 00:00 0 
7fa2b9de3000-7fa2b9ee3000 rw-p 00000000 00:00 0                          [stack:15989]
7fa2b9ee3000-7fa2b9ee6000 ---p 00000000 00:00 0 
7fa2b9ee6000-7fa2ba0e4000 rw-p 00000000 00:00 0                          [stack:15988]
7fa2ba0e4000-7fa2ba0e7000 ---p 00000000 00:00 0 
7fa2ba0e7000-7fa2ba1e5000 rw-p 00000000 00:00 0                          [stack:15987]
7fa2ba1e5000-7fa2ba1e8000 ---p 00000000 00:00 0 
7fa2ba1e8000-7fa2ba2e6000 rw-p 00000000 00:00 0                          [stack:15986]
7fa2ba2e6000-7fa2ba2e9000 ---p 00000000 00:00 0 
7fa2ba2e9000-7fa2ba3e7000 rw-p 00000000 00:00 0                          [stack:15985]
7fa2ba3e7000-7fa2ba3ea000 ---p 00000000 00:00 0 
7fa2ba3ea000-7fa2ba4e8000 rw-p 00000000 00:00 0                          [stack:15984]
7fa2ba4e8000-7fa2ba4eb000 ---p 00000000 00:00 0 
7fa2ba4eb000-7fa2ba6e9000 rw-p 00000000 00:00 0                          [stack:15983]
7fa2ba6e9000-7fa2ba6ec000 ---p 00000000 00:00 0 
7fa2ba6ec000-7fa2ba8ea000 rw-p 00000000 00:00 0                          [stack:15982]
7fa2ba8ea000-7fa2ba8ed000 ---p 00000000 00:00 0 
7fa2ba8ed000-7fa2baaeb000 rw-p 00000000 00:00 0                          [stack:15981]
7fa2baaeb000-7fa2baaec000 ---p 00000000 00:00 0 
7fa2baaec000-7fa2bc000000 rw-p 00000000 00:00 0                          [stack:15980]
7fa2bc000000-7fa2bc021000 rw-p 00000000 00:00 0 
7fa2bc021000-7fa2c0000000 ---p 00000000 00:00 0 
7fa2c0000000-7fa2c0021000 rw-p 00000000 00:00 0 
7fa2c0021000-7fa2c4000000 ---p 00000000 00:00 0 
7fa2c4000000-7fa2c4021000 rw-p 00000000 00:00 0 
7fa2c4021000-7fa2c8000000 ---p 00000000 00:00 0 
7fa2c8000000-7fa2c8021000 rw-p 00000000 00:00 0 
7fa2c8021000-7fa2cc000000 ---p 00000000 00:00 0 
7fa2cc000000-7fa2cc021000 rw-p 00000000 00:00 0 
7fa2cc021000-7fa2d0000000 ---p 00000000 00:00 0 
7fa2d0000000-7fa2d0021000 rw-p 00000000 00:00 0 
7fa2d0021000-7fa2d4000000 ---p 00000000 00:00 0 
7fa2d4000000-7fa2d4021000 rw-p 00000000 00:00 0 
7fa2d4021000-7fa2d8000000 ---p 00000000 00:00 0 
7fa2d8000000-7fa2d8021000 rw-p 00000000 00:00 0 
7fa2d8021000-7fa2dc000000 ---p 00000000 00:00 0 
7fa2dc024000-7fa2dc62a000 rw-p 00000000 00:00 0 
7fa2dc62a000-7fa2dc800000 r--s 03caa000 08:02 7958                       /usr/lib/jvm/java-8-oracle/jre/lib/rt.jar
7fa2dc800000-7fa2dd000000 rw-p 00000000 00:00 0 
7fa2dd000000-7fa2dd8d0000 rwxp 00000000 00:00 0 
7fa2dd8d0000-7fa2ec000000 ---p 00000000 00:00 0 
7fa2ec000000-7fa2ec666000 rw-p 00000000 00:00 0 
7fa2ec666000-7fa2f0000000 ---p 00000000 00:00 0 
7fa2f0002000-7fa2f1a83000 rw-p 00000000 00:00 0 
7fa2f1a83000-7fa2f1a84000 ---p 00000000 00:00 0 
7fa2f1a84000-7fa2f1b84000 rw-p 00000000 00:00 0                          [stack:15979]
7fa2f1b84000-7fa2f1b85000 ---p 00000000 00:00 0 
7fa2f1b85000-7fa2f1c85000 rw-p 00000000 00:00 0                          [stack:15978]
7fa2f1c85000-7fa2f1c86000 ---p 00000000 00:00 0 
7fa2f1c86000-7fa2f1d86000 rw-p 00000000 00:00 0                          [stack:15977]
7fa2f1d86000-7fa2f1d87000 ---p 00000000 00:00 0 
7fa2f1d87000-7fa2f1e87000 rw-p 00000000 00:00 0                          [stack:15976]
7fa2f1e87000-7fa2f1e88000 ---p 00000000 00:00 0 
7fa2f1e88000-7fa2f1f88000 rw-p 00000000 00:00 0                          [stack:15975]
7fa2f1f88000-7fa2f1f89000 ---p 00000000 00:00 0 
7fa2f1f89000-7fa2f2089000 rw-p 00000000 00:00 0                          [stack:15974]
7fa2f2089000-7fa2f208a000 ---p 00000000 00:00 0 
7fa2f208a000-7fa2f218a000 rw-p 00000000 00:00 0                          [stack:15973]
7fa2f218a000-7fa2f218b000 ---p 00000000 00:00 0 
7fa2f218b000-7fa2f2296000 rw-p 00000000 00:00 0                          [stack:15972]
7fa2f2296000-7fa2f238b000 ---p 00000000 00:00 0 
7fa2f238b000-7fa2f23af000 rw-p 00000000 00:00 0 
7fa2f23af000-7fa2f274b000 ---p 00000000 00:00 0 
7fa2f274b000-7fa2f2765000 r-xp 00000000 08:02 7925                       /usr/lib/jvm/java-8-oracle/jre/lib/amd64/libzip.so
7fa2f2765000-7fa2f2965000 ---p 0001a000 08:02 7925                       /usr/lib/jvm/java-8-oracle/jre/lib/amd64/libzip.so
7fa2f2965000-7fa2f2966000 rw-p 0001a000 08:02 7925                       /usr/lib/jvm/java-8-oracle/jre/lib/amd64/libzip.so
7fa2f2966000-7fa2f2971000 r-xp 00000000 08:02 690465                     /lib/x86_64-linux-gnu/libnss_files-2.19.so
7fa2f2971000-7fa2f2b70000 ---p 0000b000 08:02 690465                     /lib/x86_64-linux-gnu/libnss_files-2.19.so
7fa2f2b70000-7fa2f2b71000 r--p 0000a000 08:02 690465                     /lib/x86_64-linux-gnu/libnss_files-2.19.so
7fa2f2b71000-7fa2f2b72000 rw-p 0000b000 08:02 690465                     /lib/x86_64-linux-gnu/libnss_files-2.19.so
7fa2f2b72000-7fa2f2b7d000 r-xp 00000000 08:02 690481                     /lib/x86_64-linux-gnu/libnss_nis-2.19.so
7fa2f2b7d000-7fa2f2d7c000 ---p 0000b000 08:02 690481                     /lib/x86_64-linux-gnu/libnss_nis-2.19.so
7fa2f2d7c000-7fa2f2d7d000 r--p 0000a000 08:02 690481                     /lib/x86_64-linux-gnu/libnss_nis-2.19.so
7fa2f2d7d000-7fa2f2d7e000 rw-p 0000b000 08:02 690481                     /lib/x86_64-linux-gnu/libnss_nis-2.19.so
7fa2f2d7e000-7fa2f2d95000 r-xp 00000000 08:02 690457                     /lib/x86_64-linux-gnu/libnsl-2.19.so
7fa2f2d95000-7fa2f2f94000 ---p 00017000 08:02 690457                     /lib/x86_64-linux-gnu/libnsl-2.19.so
7fa2f2f94000-7fa2f2f95000 r--p 00016000 08:02 690457                     /lib/x86_64-linux-gnu/libnsl-2.19.so
7fa2f2f95000-7fa2f2f96000 rw-p 00017000 08:02 690457                     /lib/x86_64-linux-gnu/libnsl-2.19.so
7fa2f2f96000-7fa2f2f98000 rw-p 00000000 00:00 0 
7fa2f2f98000-7fa2f2fa1000 r-xp 00000000 08:02 690475                     /lib/x86_64-linux-gnu/libnss_compat-2.19.so
7fa2f2fa1000-7fa2f31a0000 ---p 00009000 08:02 690475                     /lib/x86_64-linux-gnu/libnss_compat-2.19.so
7fa2f31a0000-7fa2f31a1000 r--p 00008000 08:02 690475                     /lib/x86_64-linux-gnu/libnss_compat-2.19.so
7fa2f31a1000-7fa2f31a2000 rw-p 00009000 08:02 690475                     /lib/x86_64-linux-gnu/libnss_compat-2.19.so
7fa2f31a2000-7fa2f31cc000 r-xp 00000000 08:02 7930                       /usr/lib/jvm/java-8-oracle/jre/lib/amd64/libjava.so
7fa2f31cc000-7fa2f33cc000 ---p 0002a000 08:02 7930                       /usr/lib/jvm/java-8-oracle/jre/lib/amd64/libjava.so
7fa2f33cc000-7fa2f33ce000 rw-p 0002a000 08:02 7930                       /usr/lib/jvm/java-8-oracle/jre/lib/amd64/libjava.so
7fa2f33ce000-7fa2f33db000 r-xp 00000000 08:02 7880                       /usr/lib/jvm/java-8-oracle/jre/lib/amd64/libverify.so
7fa2f33db000-7fa2f35db000 ---p 0000d000 08:02 7880                       /usr/lib/jvm/java-8-oracle/jre/lib/amd64/libverify.so
7fa2f35db000-7fa2f35dd000 rw-p 0000d000 08:02 7880                       /usr/lib/jvm/java-8-oracle/jre/lib/amd64/libverify.so
7fa2f35dd000-7fa2f35e4000 r-xp 00000000 08:02 690487                     /lib/x86_64-linux-gnu/librt-2.19.so
7fa2f35e4000-7fa2f37e3000 ---p 00007000 08:02 690487                     /lib/x86_64-linux-gnu/librt-2.19.so
7fa2f37e3000-7fa2f37e4000 r--p 00006000 08:02 690487                     /lib/x86_64-linux-gnu/librt-2.19.so
7fa2f37e4000-7fa2f37e5000 rw-p 00007000 08:02 690487                     /lib/x86_64-linux-gnu/librt-2.19.so
7fa2f37e5000-7fa2f37ea000 r-xp 00000000 08:02 926650                     /usr/lib/x86_64-linux-gnu/libXfixes.so.3.1.0
7fa2f37ea000-7fa2f39e9000 ---p 00005000 08:02 926650                     /usr/lib/x86_64-linux-gnu/libXfixes.so.3.1.0
7fa2f39e9000-7fa2f39ea000 r--p 00004000 08:02 926650                     /usr/lib/x86_64-linux-gnu/libXfixes.so.3.1.0
7fa2f39ea000-7fa2f39eb000 rw-p 00005000 08:02 926650                     /usr/lib/x86_64-linux-gnu/libXfixes.so.3.1.0
7fa2f39eb000-7fa2f39f4000 r-xp 00000000 08:02 926670                     /usr/lib/x86_64-linux-gnu/libXrender.so.1.3.0
7fa2f39f4000-7fa2f3bf3000 ---p 00009000 08:02 926670                     /usr/lib/x86_64-linux-gnu/libXrender.so.1.3.0
7fa2f3bf3000-7fa2f3bf4000 r--p 00008000 08:02 926670                     /usr/lib/x86_64-linux-gnu/libXrender.so.1.3.0
7fa2f3bf4000-7fa2f3bf5000 rw-p 00009000 08:02 926670                     /usr/lib/x86_64-linux-gnu/libXrender.so.1.3.0
7fa2f3bf5000-7fa2f3bfe000 r-xp 00000000 08:02 926642                     /usr/lib/x86_64-linux-gnu/libXcursor.so.1.0.2
7fa2f3bfe000-7fa2f3dfd000 ---p 00009000 08:02 926642                     /usr/lib/x86_64-linux-gnu/libXcursor.so.1.0.2
7fa2f3dfd000-7fa2f3dfe000 r--p 00008000 08:02 926642                     /usr/lib/x86_64-linux-gnu/libXcursor.so.1.0.2
7fa2f3dfe000-7fa2f3dff000 rw-p 00009000 08:02 926642                     /usr/lib/x86_64-linux-gnu/libXcursor.so.1.0.2
7fa2f3dff000-7fa2f3e02000 ---p 00000000 00:00 0 
7fa2f3e02000-7fa2f4000000 rw-p 00000000 00:00 0                          [stack:15971]
7fa2f4000000-7fa2f4107000 rw-p 00000000 00:00 0 
7fa2f4107000-7fa2f8000000 ---p 00000000 00:00 0 
7fa2f805a000-7fa2f8065000 rw-p 00000000 00:00 0 
7fa2f8065000-7fa2f815a000 ---p 00000000 00:00 0 
7fa2f815a000-7fa2f8197000 rw-p 00000000 00:00 0 
7fa2f8197000-7fa2f81da000 ---p 00000000 00:00 0 
7fa2f81da000-7fa2f81db000 rw-p 00000000 00:00 0 
7fa2f81db000-7fa2f88de000 r--p 00000000 08:02 917718                     /usr/lib/locale/locale-archive
7fa2f88de000-7fa2f88df000 ---p 00000000 00:00 0 
7fa2f88df000-7fa2f90df000 rw-p 00000000 00:00 0 
7fa2f90df000-7fa2f90e4000 r-xp 00000000 08:02 926646                     /usr/lib/x86_64-linux-gnu/libXdmcp.so.6.0.0
7fa2f90e4000-7fa2f92e3000 ---p 00005000 08:02 926646                     /usr/lib/x86_64-linux-gnu/libXdmcp.so.6.0.0
7fa2f92e3000-7fa2f92e4000 r--p 00004000 08:02 926646                     /usr/lib/x86_64-linux-gnu/libXdmcp.so.6.0.0
7fa2f92e4000-7fa2f92e5000 rw-p 00005000 08:02 926646                     /usr/lib/x86_64-linux-gnu/libXdmcp.so.6.0.0
7fa2f92e5000-7fa2f92e7000 r-xp 00000000 08:02 926635                     /usr/lib/x86_64-linux-gnu/libXau.so.6.0.0
7fa2f92e7000-7fa2f94e7000 ---p 00002000 08:02 926635                     /usr/lib/x86_64-linux-gnu/libXau.so.6.0.0
7fa2f94e7000-7fa2f94e8000 r--p 00002000 08:02 926635                     /usr/lib/x86_64-linux-gnu/libXau.so.6.0.0
7fa2f94e8000-7fa2f94e9000 rw-p 00003000 08:02 926635                     /usr/lib/x86_64-linux-gnu/libXau.so.6.0.0
7fa2f94e9000-7fa2f9506000 r-xp 00000000 08:02 926808                     /usr/lib/x86_64-linux-gnu/libxcb.so.1.1.0
7fa2f9506000-7fa2f9706000 ---p 0001d000 08:02 926808                     /usr/lib/x86_64-linux-gnu/libxcb.so.1.1.0
7fa2f9706000-7fa2f9707000 r--p 0001d000 08:02 926808                     /usr/lib/x86_64-linux-gnu/libxcb.so.1.1.0
7fa2f9707000-7fa2f9708000 rw-p 0001e000 08:02 926808                     /usr/lib/x86_64-linux-gnu/libxcb.so.1.1.0
7fa2f9708000-7fa2f9719000 r-xp 00000000 08:02 926648                     /usr/lib/x86_64-linux-gnu/libXext.so.6.4.0
7fa2f9719000-7fa2f9918000 ---p 00011000 08:02 926648                     /usr/lib/x86_64-linux-gnu/libXext.so.6.4.0
7fa2f9918000-7fa2f9919000 r--p 00010000 08:02 926648                     /usr/lib/x86_64-linux-gnu/libXext.so.6.4.0
7fa2f9919000-7fa2f991a000 rw-p 00011000 08:02 926648                     /usr/lib/x86_64-linux-gnu/libXext.so.6.4.0
7fa2f991a000-7fa2f9a4a000 r-xp 00000000 08:02 926814                     /usr/lib/x86_64-linux-gnu/libX11.so.6.3.0
7fa2f9a4a000-7fa2f9c4a000 ---p 00130000 08:02 926814                     /usr/lib/x86_64-linux-gnu/libX11.so.6.3.0
7fa2f9c4a000-7fa2f9c4b000 r--p 00130000 08:02 926814                     /usr/lib/x86_64-linux-gnu/libX11.so.6.3.0
7fa2f9c4b000-7fa2f9c4f000 rw-p 00131000 08:02 926814                     /usr/lib/x86_64-linux-gnu/libX11.so.6.3.0
7fa2f9c4f000-7fa2f9ca8000 r-xp 00000000 08:02 7894                       /usr/lib/jvm/java-8-oracle/jre/lib/amd64/libsplashscreen.so
7fa2f9ca8000-7fa2f9ea8000 ---p 00059000 08:02 7894                       /usr/lib/jvm/java-8-oracle/jre/lib/amd64/libsplashscreen.so
7fa2f9ea8000-7fa2f9ea9000 rw-p 00059000 08:02 7894                       /usr/lib/jvm/java-8-oracle/jre/lib/amd64/libsplashscreen.so
7fa2f9ea9000-7fa2f9eac000 rw-p 00000000 00:00 0 
7fa2f9eac000-7fa2f9fb1000 r-xp 00000000 08:02 690454                     /lib/x86_64-linux-gnu/libm-2.19.so
7fa2f9fb1000-7fa2fa1b0000 ---p 00105000 08:02 690454                     /lib/x86_64-linux-gnu/libm-2.19.so
7fa2fa1b0000-7fa2fa1b1000 r--p 00104000 08:02 690454                     /lib/x86_64-linux-gnu/libm-2.19.so
7fa2fa1b1000-7fa2fa1b2000 rw-p 00105000 08:02 690454                     /lib/x86_64-linux-gnu/libm-2.19.so
7fa2fa1b2000-7fa2fae1f000 r-xp 00000000 08:02 7888                       /usr/lib/jvm/java-8-oracle/jre/lib/amd64/server/libjvm.so
7fa2fae1f000-7fa2fb01e000 ---p 00c6d000 08:02 7888                       /usr/lib/jvm/java-8-oracle/jre/lib/amd64/server/libjvm.so
7fa2fb01e000-7fa2fb0f4000 rw-p 00c6c000 08:02 7888                       /usr/lib/jvm/java-8-oracle/jre/lib/amd64/server/libjvm.so
7fa2fb0f4000-7fa2fb137000 rw-p 00000000 00:00 0 
7fa2fb137000-7fa2fb2f2000 r-xp 00000000 08:02 690483                     /lib/x86_64-linux-gnu/libc-2.19.so
7fa2fb2f2000-7fa2fb4f2000 ---p 001bb000 08:02 690483                     /lib/x86_64-linux-gnu/libc-2.19.so
7fa2fb4f2000-7fa2fb4f6000 r--p 001bb000 08:02 690483                     /lib/x86_64-linux-gnu/libc-2.19.so
7fa2fb4f6000-7fa2fb4f8000 rw-p 001bf000 08:02 690483                     /lib/x86_64-linux-gnu/libc-2.19.so
7fa2fb4f8000-7fa2fb4fd000 rw-p 00000000 00:00 0 
7fa2fb4fd000-7fa2fb500000 r-xp 00000000 08:02 690471                     /lib/x86_64-linux-gnu/libdl-2.19.so
7fa2fb500000-7fa2fb6ff000 ---p 00003000 08:02 690471                     /lib/x86_64-linux-gnu/libdl-2.19.so
7fa2fb6ff000-7fa2fb700000 r--p 00002000 08:02 690471                     /lib/x86_64-linux-gnu/libdl-2.19.so
7fa2fb700000-7fa2fb701000 rw-p 00003000 08:02 690471                     /lib/x86_64-linux-gnu/libdl-2.19.so
7fa2fb701000-7fa2fb716000 r-xp 00000000 08:02 8665                       /usr/lib/jvm/java-8-oracle/lib/amd64/jli/libjli.so
7fa2fb716000-7fa2fb915000 ---p 00015000 08:02 8665                       /usr/lib/jvm/java-8-oracle/lib/amd64/jli/libjli.so
7fa2fb915000-7fa2fb916000 rw-p 00014000 08:02 8665                       /usr/lib/jvm/java-8-oracle/lib/amd64/jli/libjli.so
7fa2fb916000-7fa2fb92f000 r-xp 00000000 08:02 690462                     /lib/x86_64-linux-gnu/libpthread-2.19.so
7fa2fb92f000-7fa2fbb2e000 ---p 00019000 08:02 690462                     /lib/x86_64-linux-gnu/libpthread-2.19.so
7fa2fbb2e000-7fa2fbb2f000 r--p 00018000 08:02 690462                     /lib/x86_64-linux-gnu/libpthread-2.19.so
7fa2fbb2f000-7fa2fbb30000 rw-p 00019000 08:02 690462                     /lib/x86_64-linux-gnu/libpthread-2.19.so
7fa2fbb30000-7fa2fbb34000 rw-p 00000000 00:00 0 
7fa2fbb34000-7fa2fbb57000 r-xp 00000000 08:02 690477                     /lib/x86_64-linux-gnu/ld-2.19.so
7fa2fbc31000-7fa2fbc32000 r--s 00000000 08:02 1967159                    /var/cache/fontconfig/c05880de57d1f5e948fdfacc138775d9-le64.cache-4
7fa2fbc32000-7fa2fbc3d000 r--s 00000000 08:02 1967158                    /var/cache/fontconfig/945677eb7aeaf62f1d50efc3fb3ec7d8-le64.cache-4
7fa2fbc3d000-7fa2fbc3f000 r--s 00000000 08:02 1967156                    /var/cache/fontconfig/99e8ed0e538f840c565b6ed5dad60d56-le64.cache-4
7fa2fbc3f000-7fa2fbc48000 r--s 00000000 08:02 1967283                    /var/cache/fontconfig/a6d8cf8e4ec09cdbc8633c31745a07dd-le64.cache-4
7fa2fbc48000-7fa2fbc4e000 r--s 00000000 08:02 1967155                    /var/cache/fontconfig/2cd17615ca594fa2959ae173292e504c-le64.cache-4
7fa2fbc4e000-7fa2fbc4f000 r--s 00000000 08:02 1967154                    /var/cache/fontconfig/e7071f4a29fa870f4323321c154eba04-le64.cache-4
7fa2fbc4f000-7fa2fbc50000 r--s 00000000 08:02 1967153                    /var/cache/fontconfig/0d8c3b2ac0904cb8a57a757ad11a4a08-le64.cache-4
7fa2fbc50000-7fa2fbc57000 r--s 00000000 08:02 1967152                    /var/cache/fontconfig/a755afe4a08bf5b97852ceb7400b47bc-le64.cache-4
7fa2fbc57000-7fa2fbc5b000 r--s 00000000 08:02 1967151                    /var/cache/fontconfig/6d41288fd70b0be22e8c3a91e032eec0-le64.cache-4
7fa2fbc5b000-7fa2fbc6f000 r--s 00000000 08:02 1967150                    /var/cache/fontconfig/04aabc0a78ac019cf9454389977116d2-le64.cache-4
7fa2fbc6f000-7fa2fbc70000 r--s 00000000 08:02 1967149                    /var/cache/fontconfig/1ac9eb803944fde146138c791f5cc56a-le64.cache-4
7fa2fbc70000-7fa2fbc74000 r--s 00000000 08:02 1967148                    /var/cache/fontconfig/385c0604a188198f04d133e54aba7fe7-le64.cache-4
7fa2fbc74000-7fa2fbc75000 r--s 00000000 08:02 1967147                    /var/cache/fontconfig/dc05db6664285cc2f12bf69c139ae4c3-le64.cache-4
7fa2fbc75000-7fa2fbc77000 r--s 00000000 08:02 1967146                    /var/cache/fontconfig/767a8244fc0220cfb567a839d0392e0b-le64.cache-4
7fa2fbc77000-7fa2fbc78000 r--s 00000000 08:02 1994792                    /var/cache/fontconfig/4794a0821666d79190d59a36cb4f44b5-le64.cache-4
7fa2fbc78000-7fa2fbc7d000 r--s 00000000 08:02 1967144                    /var/cache/fontconfig/8801497958630a81b71ace7c5f9b32a8-le64.cache-4
7fa2fbc7d000-7fa2fbcb8000 r--s 00000000 08:02 1971044                    /var/cache/fontconfig/365b55f210c0a22e9a19e35191240f32-le64.cache-4
7fa2fbcb8000-7fa2fbcbf000 r--s 00000000 08:02 1967143                    /var/cache/fontconfig/3047814df9a2f067bd2d96a2b9c36e5a-le64.cache-4
7fa2fbcbf000-7fa2fbcc0000 r--s 00000000 08:02 1967142                    /var/cache/fontconfig/56cf4f4769d0f4abc89a4895d7bd3ae1-le64.cache-4
7fa2fbcc0000-7fa2fbcc1000 r--s 00000000 08:02 1967141                    /var/cache/fontconfig/b9d506c9ac06c20b433354fa67a72993-le64.cache-4
7fa2fbcc1000-7fa2fbcc7000 r--s 00000000 08:02 1967140                    /var/cache/fontconfig/b47c4e1ecd0709278f4910c18777a504-le64.cache-4
7fa2fbcc7000-7fa2fbcd0000 r--s 00000000 08:02 1967276                    /var/cache/fontconfig/52f7bdb7ce746bfd7eaa1985bd9cfa93-le64.cache-4
7fa2fbcd0000-7fa2fbcd3000 r--s 00000000 08:02 2023594                    /var/cache/fontconfig/e49e89034d371f0f9de17aab02136486-le64.cache-4
7fa2fbcd3000-7fa2fbcd5000 r--s 00000000 08:02 2023499                    /var/cache/fontconfig/4b14b093aebc79c320de5e86ae1d3314-le64.cache-4
7fa2fbcd5000-7fa2fbce8000 r--s 00000000 08:02 1967139                    /var/cache/fontconfig/d52a8644073d54c13679302ca1180695-le64.cache-4
7fa2fbce8000-7fa2fbcf1000 r--s 00000000 08:02 1975696                    /var/cache/fontconfig/3f7329c5293ffd510edef78f73874cfd-le64.cache-4
7fa2fbcf1000-7fa2fbcfc000 r--s 00000000 08:02 1971004                    /var/cache/fontconfig/d589a48862398ed80a3d6066f4f56f4c-le64.cache-4
7fa2fbcfc000-7fa2fbd09000 r--s 00000000 08:02 1971059                    /var/cache/fontconfig/e13b20fdb08344e0e664864cc2ede53d-le64.cache-4
7fa2fbd09000-7fa2fbd0d000 r--s 00000000 08:02 1967275                    /var/cache/fontconfig/7ef2298fde41cc6eeb7af42e48b7d293-le64.cache-4
7fa2fbd0d000-7fa2fbd11000 r--s 00093000 08:02 7960                       /usr/lib/jvm/java-8-oracle/jre/lib/jsse.jar
7fa2fbd11000-7fa2fbd2a000 r--p 00000000 08:02 1448186                    /usr/share/locale-langpack/sk/LC_MESSAGES/libc.mo
7fa2fbd2a000-7fa2fbd2e000 rw-p 00000000 00:00 0 
7fa2fbd2e000-7fa2fbd33000 r--s 002f8000 08:02 8021                       /usr/lib/jvm/java-8-oracle/jre/lib/charsets.jar
7fa2fbd33000-7fa2fbd42000 rw-p 00000000 00:00 0 
7fa2fbd42000-7fa2fbd4a000 rw-s 00000000 08:02 2649519                    /tmp/hsperfdata_mairo744/15969
7fa2fbd4a000-7fa2fbd4b000 rw-p 00000000 00:00 0 
7fa2fbd4b000-7fa2fbd4c000 r--p 00000000 00:00 0 
7fa2fbd4c000-7fa2fbd4d000 r--s 00000000 08:02 1967136                    /var/cache/fontconfig/0c9eb80ebd1c36541ebe2852d3bb0c49-le64.cache-4
7fa2fbd4d000-7fa2fbd54000 r--s 00000000 08:02 1365949                    /usr/lib/x86_64-linux-gnu/gconv/gconv-modules.cache
7fa2fbd54000-7fa2fbd56000 rw-p 00000000 00:00 0 
7fa2fbd56000-7fa2fbd57000 r--p 00022000 08:02 690477                     /lib/x86_64-linux-gnu/ld-2.19.so
7fa2fbd57000-7fa2fbd58000 rw-p 00023000 08:02 690477                     /lib/x86_64-linux-gnu/ld-2.19.so
7fa2fbd58000-7fa2fbd59000 rw-p 00000000 00:00 0 
7fffcce2a000-7fffcce4c000 rw-p 00000000 00:00 0                          [stack]
7fffccfec000-7fffccfee000 r-xp 00000000 00:00 0                          [vdso]
ffffffffff600000-ffffffffff601000 r-xp 00000000 00:00 0                  [vsyscall]

VM Arguments:
jvm_args: -Djdk.home=/usr/lib/jvm/java-8-oracle -Dnetbeans.default_userdir_root=/home/mairo744/.netbeans -Dnetbeans.running.environment=gnome -Dnetbeans.dirs=/usr/local/netbeans-7.4/nb:/usr/local/netbeans-7.4/ergonomics:/usr/local/netbeans-7.4/ide:/usr/local/netbeans-7.4/extide:/usr/local/netbeans-7.4/java:/usr/local/netbeans-7.4/apisupport:/usr/local/netbeans-7.4/webcommon:/usr/local/netbeans-7.4/websvccommon:/usr/local/netbeans-7.4/enterprise:/usr/local/netbeans-7.4/mobility:/usr/local/netbeans-7.4/profiler:/usr/local/netbeans-7.4/python:/usr/local/netbeans-7.4/php:/usr/local/netbeans-7.4/identity:/usr/local/netbeans-7.4/harness:/usr/local/netbeans-7.4/cnd:/usr/local/netbeans-7.4/dlight:/usr/local/netbeans-7.4/groovy:/usr/local/netbeans-7.4/extra:/usr/local/netbeans-7.4/javacard:/usr/local/netbeans-7.4/javafx::/home/mairo744/NetBeansProjects/ClassDiagramEditor/build/cluster -Dnetbeans.home=/usr/local/netbeans-7.4/platform -Dnetbeans.importclass=org.netbeans.upgrade.AutoUpgrade -Dnetbeans.accept_license_class=org.netbeans.license.AcceptLicense -XX:MaxPermSize=384m -Xmx768m -Xss2m -Xms32m -XX:PermSize=32m -Dapple.laf.useScreenMenuBar=true -Dapple.awt.graphics.UseQuartz=true -Dsun.java2d.noddraw=true -Dsun.java2d.dpiaware=true -Dsun.zip.disableMemoryMapping=true -Dnetbeans.logger.console=true -ea -XX:+HeapDumpOnOutOfMemoryError -XX:HeapDumpPath=/home/mairo744/NetBeansProjects/ClassDiagramEditor/build/testuserdir/var/log/heapdump.hprof 
java_command: org.netbeans.Main --cachedir /home/mairo744/NetBeansProjects/ClassDiagramEditor/build/testuserdir/var/cache --userdir /home/mairo744/NetBeansProjects/ClassDiagramEditor/build/testuserdir --branding nb
java_class_path (initial): /usr/local/netbeans-7.4/platform/lib/boot.jar:/usr/local/netbeans-7.4/platform/lib/org-openide-modules.jar:/usr/local/netbeans-7.4/platform/lib/org-openide-util.jar:/usr/local/netbeans-7.4/platform/lib/org-openide-util-lookup.jar:/usr/local/netbeans-7.4/platform/lib/locale/boot_ja.jar:/usr/local/netbeans-7.4/platform/lib/locale/boot_pt_BR.jar:/usr/local/netbeans-7.4/platform/lib/locale/boot_ru.jar:/usr/local/netbeans-7.4/platform/lib/locale/boot_zh_CN.jar:/usr/local/netbeans-7.4/platform/lib/locale/org-openide-modules_ja.jar:/usr/local/netbeans-7.4/platform/lib/locale/org-openide-modules_pt_BR.jar:/usr/local/netbeans-7.4/platform/lib/locale/org-openide-modules_ru.jar:/usr/local/netbeans-7.4/platform/lib/locale/org-openide-modules_zh_CN.jar:/usr/local/netbeans-7.4/platform/lib/locale/org-openide-util_ja.jar:/usr/local/netbeans-7.4/platform/lib/locale/org-openide-util-lookup_ja.jar:/usr/local/netbeans-7.4/platform/lib/locale/org-openide-util-lookup_pt_BR.jar:/usr/local/netbeans-7.4/platform/lib/locale/org-openide-util-lookup_ru.jar:/usr/local/netbeans-7.4/platform/lib/locale/org-openide-util-lookup_zh_CN.jar:/usr/local/netbeans-7.4/platform/lib/locale/org-openide-util_pt_BR.jar:/usr/local/netbeans-7.4/platform/lib/locale/org-openide-util_ru.jar:/usr/local/netbeans-7.4/platform/lib/locale/org-openide-util_zh_CN.jar:/usr/lib/jvm/java-8-oracle/lib/dt.jar:/usr/lib/jvm/java-8-oracle/lib/tools.jar
Launcher Type: SUN_STANDARD

Environment Variables:
JAVA_HOME=/usr/lib/jvm/java-8-oracle
PATH=/usr/local/sbin:/usr/local/bin:/usr/sbin:/usr/bin:/sbin:/bin:/usr/games:/usr/local/games:/usr/lib/jvm/java-8-oracle/bin:/usr/lib/jvm/java-8-oracle/db/bin:/usr/lib/jvm/java-8-oracle/jre/bin
LD_LIBRARY_PATH=/usr/lib/jvm/java-8-oracle/jre/lib/amd64:/usr/lib/jvm/java-8-oracle/jre/lib/i386:/usr/lib/jvm/java-8-oracle/jre/lib/amd64:/usr/lib/jvm/java-8-oracle/jre/lib/i386:
SHELL=/bin/bash
DISPLAY=:0

Signal Handlers:
SIGSEGV: [libjvm.so+0xa79a80], sa_mask[0]=11111111011111111101111111111110, sa_flags=SA_RESTART|SA_SIGINFO
SIGBUS: [libjvm.so+0xa79a80], sa_mask[0]=11111111011111111101111111111110, sa_flags=SA_RESTART|SA_SIGINFO
SIGFPE: [libjvm.so+0x8e24e0], sa_mask[0]=11111111011111111101111111111110, sa_flags=SA_RESTART|SA_SIGINFO
SIGPIPE: [libjvm.so+0x8e24e0], sa_mask[0]=11111111011111111101111111111110, sa_flags=SA_RESTART|SA_SIGINFO
SIGXFSZ: [libjvm.so+0x8e24e0], sa_mask[0]=11111111011111111101111111111110, sa_flags=SA_RESTART|SA_SIGINFO
SIGILL: [libjvm.so+0x8e24e0], sa_mask[0]=11111111011111111101111111111110, sa_flags=SA_RESTART|SA_SIGINFO
SIGUSR1: SIG_DFL, sa_mask[0]=00000000000000000000000000000000, sa_flags=none
SIGUSR2: [libjvm.so+0x8e3d10], sa_mask[0]=00100000000000000000000000000000, sa_flags=SA_RESTART|SA_SIGINFO
SIGHUP: [libjvm.so+0x8e50d0], sa_mask[0]=11111111011111111101111111111110, sa_flags=SA_RESTART|SA_SIGINFO
SIGINT: SIG_IGN, sa_mask[0]=00000000000000000000000000000000, sa_flags=none
SIGTERM: [libjvm.so+0x8e50d0], sa_mask[0]=11111111011111111101111111111110, sa_flags=SA_RESTART|SA_SIGINFO
SIGQUIT: [libjvm.so+0x8e50d0], sa_mask[0]=11111111011111111101111111111110, sa_flags=SA_RESTART|SA_SIGINFO


---------------  S Y S T E M  ---------------

OS:DISTRIB_ID=Ubuntu
DISTRIB_RELEASE=14.04
DISTRIB_CODENAME=trusty
DISTRIB_DESCRIPTION="Ubuntu 14.04.1 LTS"

uname:Linux 3.13.0-43-generic #72-Ubuntu SMP Mon Dec 8 19:35:06 UTC 2014 x86_64
libc:glibc 2.19 NPTL 2.19 
rlimit: STACK 8192k, CORE 0k, NPROC 46667, NOFILE 4096, AS infinity
load average:3,04 1,14 0,77

/proc/meminfo:
MemTotal:        5995112 kB
MemFree:         2964000 kB
Buffers:           71012 kB
Cached:          1597480 kB
SwapCached:         3440 kB
Active:          1385688 kB
Inactive:        1379624 kB
Active(anon):     697472 kB
Inactive(anon):   411996 kB
Active(file):     688216 kB
Inactive(file):   967628 kB
Unevictable:          32 kB
Mlocked:              32 kB
SwapTotal:       7167996 kB
SwapFree:        7148028 kB
Dirty:              1124 kB
Writeback:             0 kB
AnonPages:       1093664 kB
Mapped:           131812 kB
Shmem:             11896 kB
Slab:             154316 kB
SReclaimable:     109556 kB
SUnreclaim:        44760 kB
KernelStack:        4536 kB
PageTables:        15388 kB
NFS_Unstable:          0 kB
Bounce:                0 kB
WritebackTmp:          0 kB
CommitLimit:    10165552 kB
Committed_AS:    2495568 kB
VmallocTotal:   34359738367 kB
VmallocUsed:      391948 kB
VmallocChunk:   34359325692 kB
HardwareCorrupted:     0 kB
AnonHugePages:    802816 kB
HugePages_Total:       0
HugePages_Free:        0
HugePages_Rsvd:        0
HugePages_Surp:        0
Hugepagesize:       2048 kB
DirectMap4k:      311184 kB
DirectMap2M:     5863424 kB


CPU:total 8 (4 cores per cpu, 2 threads per core) family 6 model 58 stepping 9, cmov, cx8, fxsr, mmx, sse, sse2, sse3, ssse3, sse4.1, sse4.2, popcnt, avx, aes, clmul, erms, ht, tsc, tscinvbit, tscinv

/proc/cpuinfo:
processor	: 0
vendor_id	: GenuineIntel
cpu family	: 6
model		: 58
model name	: Intel(R) Core(TM) i7-3610QM CPU @ 2.30GHz
stepping	: 9
microcode	: 0x12
cpu MHz		: 2301.000
cache size	: 6144 KB
physical id	: 0
siblings	: 8
core id		: 0
cpu cores	: 4
apicid		: 0
initial apicid	: 0
fpu		: yes
fpu_exception	: yes
cpuid level	: 13
wp		: yes
flags		: fpu vme de pse tsc msr pae mce cx8 apic sep mtrr pge mca cmov pat pse36 clflush dts acpi mmx fxsr sse sse2 ss ht tm pbe syscall nx rdtscp lm constant_tsc arch_perfmon pebs bts rep_good nopl xtopology nonstop_tsc aperfmperf eagerfpu pni pclmulqdq dtes64 monitor ds_cpl vmx est tm2 ssse3 cx16 xtpr pdcm pcid sse4_1 sse4_2 x2apic popcnt tsc_deadline_timer aes xsave avx f16c rdrand lahf_lm ida arat epb xsaveopt pln pts dtherm tpr_shadow vnmi flexpriority ept vpid fsgsbase smep erms
bogomips	: 4589.55
clflush size	: 64
cache_alignment	: 64
address sizes	: 36 bits physical, 48 bits virtual
power management:

processor	: 1
vendor_id	: GenuineIntel
cpu family	: 6
model		: 58
model name	: Intel(R) Core(TM) i7-3610QM CPU @ 2.30GHz
stepping	: 9
microcode	: 0x12
cpu MHz		: 1200.000
cache size	: 6144 KB
physical id	: 0
siblings	: 8
core id		: 1
cpu cores	: 4
apicid		: 2
initial apicid	: 2
fpu		: yes
fpu_exception	: yes
cpuid level	: 13
wp		: yes
flags		: fpu vme de pse tsc msr pae mce cx8 apic sep mtrr pge mca cmov pat pse36 clflush dts acpi mmx fxsr sse sse2 ss ht tm pbe syscall nx rdtscp lm constant_tsc arch_perfmon pebs bts rep_good nopl xtopology nonstop_tsc aperfmperf eagerfpu pni pclmulqdq dtes64 monitor ds_cpl vmx est tm2 ssse3 cx16 xtpr pdcm pcid sse4_1 sse4_2 x2apic popcnt tsc_deadline_timer aes xsave avx f16c rdrand lahf_lm ida arat epb xsaveopt pln pts dtherm tpr_shadow vnmi flexpriority ept vpid fsgsbase smep erms
bogomips	: 4589.55
clflush size	: 64
cache_alignment	: 64
address sizes	: 36 bits physical, 48 bits virtual
power management:

processor	: 2
vendor_id	: GenuineIntel
cpu family	: 6
model		: 58
model name	: Intel(R) Core(TM) i7-3610QM CPU @ 2.30GHz
stepping	: 9
microcode	: 0x12
cpu MHz		: 2100.000
cache size	: 6144 KB
physical id	: 0
siblings	: 8
core id		: 2
cpu cores	: 4
apicid		: 4
initial apicid	: 4
fpu		: yes
fpu_exception	: yes
cpuid level	: 13
wp		: yes
flags		: fpu vme de pse tsc msr pae mce cx8 apic sep mtrr pge mca cmov pat pse36 clflush dts acpi mmx fxsr sse sse2 ss ht tm pbe syscall nx rdtscp lm constant_tsc arch_perfmon pebs bts rep_good nopl xtopology nonstop_tsc aperfmperf eagerfpu pni pclmulqdq dtes64 monitor ds_cpl vmx est tm2 ssse3 cx16 xtpr pdcm pcid sse4_1 sse4_2 x2apic popcnt tsc_deadline_timer aes xsave avx f16c rdrand lahf_lm ida arat epb xsaveopt pln pts dtherm tpr_shadow vnmi flexpriority ept vpid fsgsbase smep erms
bogomips	: 4589.55
clflush size	: 64
cache_alignment	: 64
address sizes	: 36 bits physical, 48 bits virtual
power management:

processor	: 3
vendor_id	: GenuineIntel
cpu family	: 6
model		: 58
model name	: Intel(R) Core(TM) i7-3610QM CPU @ 2.30GHz
stepping	: 9
microcode	: 0x12
cpu MHz		: 1700.000
cache size	: 6144 KB
physical id	: 0
siblings	: 8
core id		: 3
cpu cores	: 4
apicid		: 6
initial apicid	: 6
fpu		: yes
fpu_exception	: yes
cpuid level	: 13
wp		: yes
flags		: fpu vme de pse tsc msr pae mce cx8 apic sep mtrr pge mca cmov pat pse36 clflush dts acpi mmx fxsr sse sse2 ss ht tm pbe syscall nx rdtscp lm constant_tsc arch_perfmon pebs bts rep_good nopl xtopology nonstop_tsc aperfmperf eagerfpu pni pclmulqdq dtes64 monitor ds_cpl vmx est tm2 ssse3 cx16 xtpr pdcm pcid sse4_1 sse4_2 x2apic popcnt tsc_deadline_timer aes xsave avx f16c rdrand lahf_lm ida arat epb xsaveopt pln pts dtherm tpr_shadow vnmi flexpriority ept vpid fsgsbase smep erms
bogomips	: 4589.55
clflush size	: 64
cache_alignment	: 64
address sizes	: 36 bits physical, 48 bits virtual
power management:

processor	: 4
vendor_id	: GenuineIntel
cpu family	: 6
model		: 58
model name	: Intel(R) Core(TM) i7-3610QM CPU @ 2.30GHz
stepping	: 9
microcode	: 0x12
cpu MHz		: 2301.000
cache size	: 6144 KB
physical id	: 0
siblings	: 8
core id		: 0
cpu cores	: 4
apicid		: 1
initial apicid	: 1
fpu		: yes
fpu_exception	: yes
cpuid level	: 13
wp		: yes
flags		: fpu vme de pse tsc msr pae mce cx8 apic sep mtrr pge mca cmov pat pse36 clflush dts acpi mmx fxsr sse sse2 ss ht tm pbe syscall nx rdtscp lm constant_tsc arch_perfmon pebs bts rep_good nopl xtopology nonstop_tsc aperfmperf eagerfpu pni pclmulqdq dtes64 monitor ds_cpl vmx est tm2 ssse3 cx16 xtpr pdcm pcid sse4_1 sse4_2 x2apic popcnt tsc_deadline_timer aes xsave avx f16c rdrand lahf_lm ida arat epb xsaveopt pln pts dtherm tpr_shadow vnmi flexpriority ept vpid fsgsbase smep erms
bogomips	: 4589.55
clflush size	: 64
cache_alignment	: 64
address sizes	: 36 bits physical, 48 bits virtual
power management:

processor	: 5
vendor_id	: GenuineIntel
cpu family	: 6
model		: 58
model name	: Intel(R) Core(TM) i7-3610QM CPU @ 2.30GHz
stepping	: 9
microcode	: 0x12
cpu MHz		: 1200.000
cache size	: 6144 KB
physical id	: 0
siblings	: 8
core id		: 1
cpu cores	: 4
apicid		: 3
initial apicid	: 3
fpu		: yes
fpu_exception	: yes
cpuid level	: 13
wp		: yes
flags		: fpu vme de pse tsc msr pae mce cx8 apic sep mtrr pge mca cmov pat pse36 clflush dts acpi mmx fxsr sse sse2 ss ht tm pbe syscall nx rdtscp lm constant_tsc arch_perfmon pebs bts rep_good nopl xtopology nonstop_tsc aperfmperf eagerfpu pni pclmulqdq dtes64 monitor ds_cpl vmx est tm2 ssse3 cx16 xtpr pdcm pcid sse4_1 sse4_2 x2apic popcnt tsc_deadline_timer aes xsave avx f16c rdrand lahf_lm ida arat epb xsaveopt pln pts dtherm tpr_shadow vnmi flexpriority ept vpid fsgsbase smep erms
bogomips	: 4589.55
clflush size	: 64
cache_alignment	: 64
address sizes	: 36 bits physical, 48 bits virtual
power management:

processor	: 6
vendor_id	: GenuineIntel
cpu family	: 6
model		: 58
model name	: Intel(R) Core(TM) i7-3610QM CPU @ 2.30GHz
stepping	: 9
microcode	: 0x12
cpu MHz		: 2301.000
cache size	: 6144 KB
physical id	: 0
siblings	: 8
core id		: 2
cpu cores	: 4
apicid		: 5
initial apicid	: 5
fpu		: yes
fpu_exception	: yes
cpuid level	: 13
wp		: yes
flags		: fpu vme de pse tsc msr pae mce cx8 apic sep mtrr pge mca cmov pat pse36 clflush dts acpi mmx fxsr sse sse2 ss ht tm pbe syscall nx rdtscp lm constant_tsc arch_perfmon pebs bts rep_good nopl xtopology nonstop_tsc aperfmperf eagerfpu pni pclmulqdq dtes64 monitor ds_cpl vmx est tm2 ssse3 cx16 xtpr pdcm pcid sse4_1 sse4_2 x2apic popcnt tsc_deadline_timer aes xsave avx f16c rdrand lahf_lm ida arat epb xsaveopt pln pts dtherm tpr_shadow vnmi flexpriority ept vpid fsgsbase smep erms
bogomips	: 4589.55
clflush size	: 64
cache_alignment	: 64
address sizes	: 36 bits physical, 48 bits virtual
power management:

processor	: 7
vendor_id	: GenuineIntel
cpu family	: 6
model		: 58
model name	: Intel(R) Core(TM) i7-3610QM CPU @ 2.30GHz
stepping	: 9
microcode	: 0x12
cpu MHz		: 1500.000
cache size	: 6144 KB
physical id	: 0
siblings	: 8
core id		: 3
cpu cores	: 4
apicid		: 7
initial apicid	: 7
fpu		: yes
fpu_exception	: yes
cpuid level	: 13
wp		: yes
flags		: fpu vme de pse tsc msr pae mce cx8 apic sep mtrr pge mca cmov pat pse36 clflush dts acpi mmx fxsr sse sse2 ss ht tm pbe syscall nx rdtscp lm constant_tsc arch_perfmon pebs bts rep_good nopl xtopology nonstop_tsc aperfmperf eagerfpu pni pclmulqdq dtes64 monitor ds_cpl vmx est tm2 ssse3 cx16 xtpr pdcm pcid sse4_1 sse4_2 x2apic popcnt tsc_deadline_timer aes xsave avx f16c rdrand lahf_lm ida arat epb xsaveopt pln pts dtherm tpr_shadow vnmi flexpriority ept vpid fsgsbase smep erms
bogomips	: 4589.55
clflush size	: 64
cache_alignment	: 64
address sizes	: 36 bits physical, 48 bits virtual
power management:



Memory: 4k page, physical 5995112k(2964148k free), swap 7167996k(7148028k free)

vm_info: Java HotSpot(TM) 64-Bit Server VM (25.25-b02) for linux-amd64 JRE (1.8.0_25-b17), built on Sep 17 2014 17:32:11 by "java_re" with gcc 4.3.0 20080428 (Red Hat 4.3.0-8)

time: Fri Dec 26 13:59:17 2014
elapsed time: 211 seconds (0d 0h 3m 31s)

